Sat Mar 11 2017 17:03:20 GMT+0545 (Nepal Standard Time) : GET /about
Sat Mar 11 2017 17:03:24 GMT+0545 (Nepal Standard Time) : GET /
Sat Mar 11 2017 17:05:29 GMT+0545 (Nepal Standard Time) : GET /
Sat Mar 11 2017 17:05:32 GMT+0545 (Nepal Standard Time) : GET /
Sat Mar 11 2017 17:05:34 GMT+0545 (Nepal Standard Time) : GET /about
Sat Mar 11 2017 17:05:36 GMT+0545 (Nepal Standard Time) : GET /
Sat Mar 11 2017 17:05:37 GMT+0545 (Nepal Standard Time) : GET /about
Sat Mar 11 2017 17:05:38 GMT+0545 (Nepal Standard Time) : GET /
Sat Mar 11 2017 17:05:40 GMT+0545 (Nepal Standard Time) : GET /about
Sat Mar 11 2017 17:05:40 GMT+0545 (Nepal Standard Time) : GET /
Sat Mar 11 2017 17:07:15 GMT+0545 (Nepal Standard Time) : GET /
Sat Mar 11 2017 17:08:00 GMT+0545 (Nepal Standard Time) : GET /
Sat Mar 11 2017 17:10:23 GMT+0545 (Nepal Standard Time) : GET /home
Sat Mar 11 2017 17:13:39 GMT+0545 (Nepal Standard Time) : GET /home
Sat Mar 11 2017 19:45:13 GMT+0545 (Nepal Standard Time) : GET /socket.io/?EIO=3&transport=polling&t=1489240813232-0
Sat Mar 11 2017 19:45:14 GMT+0545 (Nepal Standard Time) : GET /socket.io/?EIO=3&transport=polling&t=1489240814442-0
Sat Mar 11 2017 19:45:15 GMT+0545 (Nepal Standard Time) : GET /socket.io/?EIO=3&transport=polling&t=1489240815610-1
Sat Mar 11 2017 19:45:16 GMT+0545 (Nepal Standard Time) : GET /socket.io/?EIO=3&transport=polling&t=1489240816652-0
Sat Mar 11 2017 19:45:17 GMT+0545 (Nepal Standard Time) : GET /socket.io/?EIO=3&transport=polling&t=1489240817817-1
Sat Mar 11 2017 19:45:19 GMT+0545 (Nepal Standard Time) : GET /socket.io/?EIO=3&transport=polling&t=1489240819826-2
Sat Mar 11 2017 19:45:22 GMT+0545 (Nepal Standard Time) : GET /socket.io/?EIO=3&transport=polling&t=1489240822844-3
Sat Mar 11 2017 19:45:26 GMT+0545 (Nepal Standard Time) : GET /socket.io/?EIO=3&transport=polling&t=1489240826856-4
Sat Mar 11 2017 19:45:31 GMT+0545 (Nepal Standard Time) : GET /socket.io/?EIO=3&transport=polling&t=1489240831868-5
Sat Mar 11 2017 19:45:36 GMT+0545 (Nepal Standard Time) : GET /socket.io/?EIO=3&transport=polling&t=1489240836875-6
Sat Mar 11 2017 19:45:41 GMT+0545 (Nepal Standard Time) : GET /socket.io/?EIO=3&transport=polling&t=1489240841884-7
Sat Mar 11 2017 19:50:02 GMT+0545 (Nepal Standard Time) : GET /favicon.ico
Sat Mar 11 2017 19:52:53 GMT+0545 (Nepal Standard Time) : GET /socket.io/?EIO=3&transport=polling&t=1489241273028-3
Sat Mar 11 2017 19:52:55 GMT+0545 (Nepal Standard Time) : GET /socket.io/?EIO=3&transport=polling&t=1489241275838-4
Sat Mar 11 2017 19:52:56 GMT+0545 (Nepal Standard Time) : GET /socket.io/?EIO=3&transport=polling&t=1489241276439-0
Sat Mar 11 2017 19:52:57 GMT+0545 (Nepal Standard Time) : GET /socket.io/?EIO=3&transport=polling&t=1489241277630-1
Sat Mar 11 2017 19:52:59 GMT+0545 (Nepal Standard Time) : GET /socket.io/?EIO=3&transport=polling&t=1489241279649-2
Sat Mar 11 2017 19:53:02 GMT+0545 (Nepal Standard Time) : GET /socket.io/?EIO=3&transport=polling&t=1489241282666-3
Sat Mar 11 2017 19:53:06 GMT+0545 (Nepal Standard Time) : GET /socket.io/?EIO=3&transport=polling&t=1489241286680-4
Sat Mar 11 2017 19:53:11 GMT+0545 (Nepal Standard Time) : GET /socket.io/?EIO=3&transport=polling&t=1489241291690-5
Sat Mar 11 2017 19:53:46 GMT+0545 (Nepal Standard Time) : GET /socket.io/?EIO=3&transport=polling&t=1489241324770-10
Sat Mar 11 2017 19:53:49 GMT+0545 (Nepal Standard Time) : GET /socket.io/?EIO=3&transport=polling&t=1489241329041-0
Sat Mar 11 2017 19:53:50 GMT+0545 (Nepal Standard Time) : GET /socket.io/?EIO=3&transport=polling&t=1489241330274-1
Sat Mar 11 2017 19:53:50 GMT+0545 (Nepal Standard Time) : GET /socket.io/?EIO=3&transport=polling&t=1489241330822-0
Sat Mar 11 2017 19:53:51 GMT+0545 (Nepal Standard Time) : GET /socket.io/?EIO=3&transport=polling&t=1489241331711-0
Sat Mar 11 2017 19:53:52 GMT+0545 (Nepal Standard Time) : GET /socket.io/?EIO=3&transport=polling&t=1489241332339-0
Sat Mar 11 2017 19:53:52 GMT+0545 (Nepal Standard Time) : GET /socket.io/?EIO=3&transport=polling&t=1489241332860-0
Sat Mar 11 2017 19:53:53 GMT+0545 (Nepal Standard Time) : GET /socket.io/?EIO=3&transport=polling&t=1489241333367-0
Sat Mar 11 2017 19:53:53 GMT+0545 (Nepal Standard Time) : GET /socket.io/?EIO=3&transport=polling&t=1489241333609-0
Sat Mar 11 2017 19:53:54 GMT+0545 (Nepal Standard Time) : GET /socket.io/?EIO=3&transport=polling&t=1489241334127-0
Sat Mar 11 2017 19:53:55 GMT+0545 (Nepal Standard Time) : GET /socket.io/?EIO=3&transport=polling&t=1489241335355-1
Sat Mar 11 2017 19:53:57 GMT+0545 (Nepal Standard Time) : GET /socket.io/?EIO=3&transport=polling&t=1489241337365-2
Sat Mar 11 2017 19:54:00 GMT+0545 (Nepal Standard Time) : GET /socket.io/?EIO=3&transport=polling&t=1489241340387-3
Sat Mar 11 2017 19:54:04 GMT+0545 (Nepal Standard Time) : GET /socket.io/?EIO=3&transport=polling&t=1489241344401-4
Sat Mar 11 2017 19:54:09 GMT+0545 (Nepal Standard Time) : GET /socket.io/?EIO=3&transport=polling&t=1489241349417-5
Sat Mar 11 2017 19:54:11 GMT+0545 (Nepal Standard Time) : GET /socket.io/?EIO=3&transport=polling&t=1489241351122-0
Sat Mar 11 2017 19:54:12 GMT+0545 (Nepal Standard Time) : GET /socket.io/?EIO=3&transport=polling&t=1489241352263-1
Sat Mar 11 2017 19:54:14 GMT+0545 (Nepal Standard Time) : GET /socket.io/?EIO=3&transport=polling&t=1489241354271-2
Sat Mar 11 2017 19:54:17 GMT+0545 (Nepal Standard Time) : GET /socket.io/?EIO=3&transport=polling&t=1489241357291-3
Sat Mar 11 2017 19:54:21 GMT+0545 (Nepal Standard Time) : GET /socket.io/?EIO=3&transport=polling&t=1489241361363-4
Sat Mar 11 2017 19:54:26 GMT+0545 (Nepal Standard Time) : GET /socket.io/?EIO=3&transport=polling&t=1489241366381-5
Sat Mar 11 2017 19:54:31 GMT+0545 (Nepal Standard Time) : GET /socket.io/?EIO=3&transport=polling&t=1489241371411-6
Sat Mar 11 2017 19:54:36 GMT+0545 (Nepal Standard Time) : GET /socket.io/?EIO=3&transport=polling&t=1489241376434-7
Sat Mar 11 2017 19:54:41 GMT+0545 (Nepal Standard Time) : GET /socket.io/?EIO=3&transport=polling&t=1489241381456-8
Sat Mar 11 2017 19:54:46 GMT+0545 (Nepal Standard Time) : GET /socket.io/?EIO=3&transport=polling&t=1489241386465-9
Sat Mar 11 2017 19:54:51 GMT+0545 (Nepal Standard Time) : GET /socket.io/?EIO=3&transport=polling&t=1489241391477-10
Sat Mar 11 2017 19:54:56 GMT+0545 (Nepal Standard Time) : GET /socket.io/?EIO=3&transport=polling&t=1489241396488-11
Sat Mar 11 2017 19:55:01 GMT+0545 (Nepal Standard Time) : GET /socket.io/?EIO=3&transport=polling&t=1489241401507-12
Sat Mar 11 2017 19:55:06 GMT+0545 (Nepal Standard Time) : GET /socket.io/?EIO=3&transport=polling&t=1489241406524-13
Sat Mar 11 2017 19:55:11 GMT+0545 (Nepal Standard Time) : GET /socket.io/?EIO=3&transport=polling&t=1489241411543-14
Sat Mar 11 2017 19:55:16 GMT+0545 (Nepal Standard Time) : GET /socket.io/?EIO=3&transport=polling&t=1489241416561-15
Sat Mar 11 2017 19:55:21 GMT+0545 (Nepal Standard Time) : GET /socket.io/?EIO=3&transport=polling&t=1489241421584-16
Sat Mar 11 2017 19:55:26 GMT+0545 (Nepal Standard Time) : GET /socket.io/?EIO=3&transport=polling&t=1489241426607-17
Sat Mar 11 2017 19:55:31 GMT+0545 (Nepal Standard Time) : GET /socket.io/?EIO=3&transport=polling&t=1489241431618-18
Sat Mar 11 2017 19:55:36 GMT+0545 (Nepal Standard Time) : GET /socket.io/?EIO=3&transport=polling&t=1489241436636-19
Sat Mar 11 2017 19:55:41 GMT+0545 (Nepal Standard Time) : GET /socket.io/?EIO=3&transport=polling&t=1489241441655-20
Sat Mar 11 2017 19:55:46 GMT+0545 (Nepal Standard Time) : GET /socket.io/?EIO=3&transport=polling&t=1489241446673-21
Sat Mar 11 2017 19:55:51 GMT+0545 (Nepal Standard Time) : GET /socket.io/?EIO=3&transport=polling&t=1489241451684-22
Sat Mar 11 2017 19:55:56 GMT+0545 (Nepal Standard Time) : GET /socket.io/?EIO=3&transport=polling&t=1489241456701-23
Sat Mar 11 2017 19:56:01 GMT+0545 (Nepal Standard Time) : GET /socket.io/?EIO=3&transport=polling&t=1489241461723-24
Sat Mar 11 2017 19:56:06 GMT+0545 (Nepal Standard Time) : GET /socket.io/?EIO=3&transport=polling&t=1489241466740-25
Sat Mar 11 2017 19:56:39 GMT+0545 (Nepal Standard Time) : GET /socket.io/?EIO=3&transport=polling&t=1489241499751-0
Sat Mar 11 2017 19:56:41 GMT+0545 (Nepal Standard Time) : GET /socket.io/?EIO=3&transport=polling&t=1489241500998-1
Sat Mar 11 2017 19:56:44 GMT+0545 (Nepal Standard Time) : GET /socket.io/?EIO=3&transport=polling&t=1489241504996-2
Sat Mar 11 2017 19:56:45 GMT+0545 (Nepal Standard Time) : GET /socket.io/?EIO=3&transport=polling&t=1489241505534-0
Sat Mar 11 2017 19:56:46 GMT+0545 (Nepal Standard Time) : GET /socket.io/?EIO=3&transport=polling&t=1489241506678-1
Sat Mar 11 2017 19:56:48 GMT+0545 (Nepal Standard Time) : GET /socket.io/?EIO=3&transport=polling&t=1489241508698-2
Sat Mar 11 2017 19:56:50 GMT+0545 (Nepal Standard Time) : GET /socket.io/?EIO=3&transport=polling&t=1489241509997-3
Sat Mar 11 2017 19:56:51 GMT+0545 (Nepal Standard Time) : GET /socket.io/?EIO=3&transport=polling&t=1489241511710-3
Sat Mar 11 2017 19:56:55 GMT+0545 (Nepal Standard Time) : GET /socket.io/?EIO=3&transport=polling&t=1489241515726-4
Sat Mar 11 2017 19:56:56 GMT+0545 (Nepal Standard Time) : GET /socket.io/?EIO=3&transport=polling&t=1489241515997-4
Sat Mar 11 2017 19:57:00 GMT+0545 (Nepal Standard Time) : GET /socket.io/?EIO=3&transport=polling&t=1489241520738-5
Sat Mar 11 2017 19:57:03 GMT+0545 (Nepal Standard Time) : GET /socket.io/?EIO=3&transport=polling&t=1489241522995-5
Sat Mar 11 2017 19:57:05 GMT+0545 (Nepal Standard Time) : GET /socket.io/?EIO=3&transport=polling&t=1489241525749-6
Sat Mar 11 2017 19:57:10 GMT+0545 (Nepal Standard Time) : GET /socket.io/?EIO=3&transport=polling&t=1489241529997-6
Sat Mar 11 2017 19:57:10 GMT+0545 (Nepal Standard Time) : GET /socket.io/?EIO=3&transport=polling&t=1489241530768-7
Sat Mar 11 2017 19:57:15 GMT+0545 (Nepal Standard Time) : GET /socket.io/?EIO=3&transport=polling&t=1489241535787-8
Sat Mar 11 2017 19:57:17 GMT+0545 (Nepal Standard Time) : GET /socket.io/?EIO=3&transport=polling&t=1489241536997-7
Sat Mar 11 2017 19:57:20 GMT+0545 (Nepal Standard Time) : GET /socket.io/?EIO=3&transport=polling&t=1489241540804-9
Sat Mar 11 2017 19:57:24 GMT+0545 (Nepal Standard Time) : GET /socket.io/?EIO=3&transport=polling&t=1489241544000-8
Sat Mar 11 2017 19:57:25 GMT+0545 (Nepal Standard Time) : GET /socket.io/?EIO=3&transport=polling&t=1489241545825-10
Sat Mar 11 2017 19:57:30 GMT+0545 (Nepal Standard Time) : GET /socket.io/?EIO=3&transport=polling&t=1489241550844-11
Sat Mar 11 2017 19:57:30 GMT+0545 (Nepal Standard Time) : GET /socket.io/?EIO=3&transport=polling&t=1489241550996-9
Sat Mar 11 2017 19:57:35 GMT+0545 (Nepal Standard Time) : GET /socket.io/?EIO=3&transport=polling&t=1489241555861-12
Sat Mar 11 2017 19:57:38 GMT+0545 (Nepal Standard Time) : GET /socket.io/?EIO=3&transport=polling&t=1489241557996-10
Sat Mar 11 2017 19:57:40 GMT+0545 (Nepal Standard Time) : GET /socket.io/?EIO=3&transport=polling&t=1489241560874-13
Sat Mar 11 2017 19:57:49 GMT+0545 (Nepal Standard Time) : GET /socket.io/?EIO=3&transport=polling&t=1489241569033-0
Sat Mar 11 2017 19:57:49 GMT+0545 (Nepal Standard Time) : GET /favicon.ico
Sat Mar 11 2017 19:57:50 GMT+0545 (Nepal Standard Time) : GET /socket.io/?EIO=3&transport=polling&t=1489241570266-1
Sat Mar 11 2017 19:57:52 GMT+0545 (Nepal Standard Time) : GET /socket.io/?EIO=3&transport=polling&t=1489241572395-0
Sat Mar 11 2017 19:57:53 GMT+0545 (Nepal Standard Time) : GET /socket.io/?EIO=3&transport=polling&t=1489241573560-1
Sat Mar 11 2017 19:57:55 GMT+0545 (Nepal Standard Time) : GET /socket.io/?EIO=3&transport=polling&t=1489241575584-2
Sat Mar 11 2017 19:57:58 GMT+0545 (Nepal Standard Time) : GET /socket.io/?EIO=3&transport=polling&t=1489241578996-3
Sat Mar 11 2017 19:58:05 GMT+0545 (Nepal Standard Time) : GET /socket.io/?EIO=3&transport=polling&t=1489241584995-4
Sat Mar 11 2017 19:58:56 GMT+0545 (Nepal Standard Time) : GET /
Sat Mar 11 2017 20:01:45 GMT+0545 (Nepal Standard Time) : GET /
Sat Mar 11 2017 20:01:49 GMT+0545 (Nepal Standard Time) : GET /about
Sat Mar 11 2017 20:01:50 GMT+0545 (Nepal Standard Time) : GET /
Sat Mar 11 2017 20:01:54 GMT+0545 (Nepal Standard Time) : GET /chat
Sat Mar 11 2017 20:01:54 GMT+0545 (Nepal Standard Time) : GET /socket.io/?EIO=3&transport=polling&t=1489241814449-0
Sat Mar 11 2017 20:01:55 GMT+0545 (Nepal Standard Time) : GET /socket.io/?EIO=3&transport=polling&t=1489241815616-1
Sat Mar 11 2017 20:01:57 GMT+0545 (Nepal Standard Time) : GET /socket.io/?EIO=3&transport=polling&t=1489241817648-2
Sat Mar 11 2017 20:02:00 GMT+0545 (Nepal Standard Time) : GET /socket.io/?EIO=3&transport=polling&t=1489241820667-3
Sat Mar 11 2017 20:02:04 GMT+0545 (Nepal Standard Time) : GET /socket.io/?EIO=3&transport=polling&t=1489241824686-4
Sat Mar 11 2017 20:02:09 GMT+0545 (Nepal Standard Time) : GET /socket.io/?EIO=3&transport=polling&t=1489241829708-5
Sat Mar 11 2017 20:02:14 GMT+0545 (Nepal Standard Time) : GET /socket.io/?EIO=3&transport=polling&t=1489241834718-6
Sat Mar 11 2017 20:02:19 GMT+0545 (Nepal Standard Time) : GET /socket.io/?EIO=3&transport=polling&t=1489241839740-7
Sat Mar 11 2017 20:02:43 GMT+0545 (Nepal Standard Time) : GET /chat
Sat Mar 11 2017 20:02:53 GMT+0545 (Nepal Standard Time) : GET /
Sat Mar 11 2017 20:02:54 GMT+0545 (Nepal Standard Time) : GET /about
Sat Mar 11 2017 20:02:55 GMT+0545 (Nepal Standard Time) : GET /
Sat Mar 11 2017 20:02:58 GMT+0545 (Nepal Standard Time) : GET /chat
Sat Mar 11 2017 20:47:15 GMT+0545 (Nepal Standard Time) : GET /
Sat Mar 11 2017 20:47:17 GMT+0545 (Nepal Standard Time) : GET /chat
Sat Mar 11 2017 20:48:19 GMT+0545 (Nepal Standard Time) : GET /chat
Sat Mar 11 2017 20:50:24 GMT+0545 (Nepal Standard Time) : GET /chat
Sat Mar 11 2017 20:51:31 GMT+0545 (Nepal Standard Time) : GET /chat
Sat Mar 11 2017 21:29:29 GMT+0545 (Nepal Standard Time) : GET /chat
Sat Mar 11 2017 21:29:43 GMT+0545 (Nepal Standard Time) : GET /chat
Sat Mar 11 2017 21:29:52 GMT+0545 (Nepal Standard Time) : GET /chat
Sat Mar 11 2017 21:31:21 GMT+0545 (Nepal Standard Time) : GET /chat
Sat Mar 11 2017 21:33:13 GMT+0545 (Nepal Standard Time) : GET /chat
Sat Mar 11 2017 21:33:59 GMT+0545 (Nepal Standard Time) : GET /chat
Sat Mar 11 2017 21:35:04 GMT+0545 (Nepal Standard Time) : GET /chat
Sat Mar 11 2017 21:39:00 GMT+0545 (Nepal Standard Time) : GET /chat
Sat Mar 11 2017 21:39:22 GMT+0545 (Nepal Standard Time) : GET /chat
Sat Mar 11 2017 21:40:11 GMT+0545 (Nepal Standard Time) : GET /chat
Sat Mar 11 2017 21:40:42 GMT+0545 (Nepal Standard Time) : GET /chat
Sat Mar 11 2017 21:41:02 GMT+0545 (Nepal Standard Time) : GET /chat
Sat Mar 11 2017 21:41:59 GMT+0545 (Nepal Standard Time) : GET /chat
Sat Mar 11 2017 21:42:43 GMT+0545 (Nepal Standard Time) : GET /chat
Sat Mar 11 2017 21:44:27 GMT+0545 (Nepal Standard Time) : GET /chat
